[2022-08-24T20:43:36.455] [ERROR] error - Error: req#logout requires a callback function
    at IncomingMessage.req.logout.req.logOut (C:\Users\agusr\Desktop\bis2\node_modules\passport\lib\http\request.js:65:44)
    at C:\Users\agusr\Desktop\bis2\routers\indexRoutes.js:47:9
    at Layer.handle [as handle_request] (C:\Users\agusr\Desktop\bis2\node_modules\express\lib\router\layer.js:95:5)
    at next (C:\Users\agusr\Desktop\bis2\node_modules\express\lib\router\route.js:144:13)
    at Route.dispatch (C:\Users\agusr\Desktop\bis2\node_modules\express\lib\router\route.js:114:3)
    at Layer.handle [as handle_request] (C:\Users\agusr\Desktop\bis2\node_modules\express\lib\router\layer.js:95:5)
    at C:\Users\agusr\Desktop\bis2\node_modules\express\lib\router\index.js:284:15
    at Function.process_params (C:\Users\agusr\Desktop\bis2\node_modules\express\lib\router\index.js:346:12)
    at next (C:\Users\agusr\Desktop\bis2\node_modules\express\lib\router\index.js:280:10)
    at urlencodedParser (C:\Users\agusr\Desktop\bis2\node_modules\body-parser\lib\types\urlencoded.js:91:7)
[2022-08-24T20:45:37.191] [ERROR] error - Error: req#logout requires a callback function
    at IncomingMessage.req.logout.req.logOut (C:\Users\agusr\Desktop\bis2\node_modules\passport\lib\http\request.js:65:44)
    at C:\Users\agusr\Desktop\bis2\routers\indexRoutes.js:47:9
    at Layer.handle [as handle_request] (C:\Users\agusr\Desktop\bis2\node_modules\express\lib\router\layer.js:95:5)
    at next (C:\Users\agusr\Desktop\bis2\node_modules\express\lib\router\route.js:144:13)
    at Route.dispatch (C:\Users\agusr\Desktop\bis2\node_modules\express\lib\router\route.js:114:3)
    at Layer.handle [as handle_request] (C:\Users\agusr\Desktop\bis2\node_modules\express\lib\router\layer.js:95:5)
    at C:\Users\agusr\Desktop\bis2\node_modules\express\lib\router\index.js:284:15
    at Function.process_params (C:\Users\agusr\Desktop\bis2\node_modules\express\lib\router\index.js:346:12)
    at next (C:\Users\agusr\Desktop\bis2\node_modules\express\lib\router\index.js:280:10)
    at urlencodedParser (C:\Users\agusr\Desktop\bis2\node_modules\body-parser\lib\types\urlencoded.js:91:7)
[2022-08-24T20:45:44.977] [ERROR] error - Error: req#logout requires a callback function
    at IncomingMessage.req.logout.req.logOut (C:\Users\agusr\Desktop\bis2\node_modules\passport\lib\http\request.js:65:44)
    at C:\Users\agusr\Desktop\bis2\routers\indexRoutes.js:47:9
    at Layer.handle [as handle_request] (C:\Users\agusr\Desktop\bis2\node_modules\express\lib\router\layer.js:95:5)
    at next (C:\Users\agusr\Desktop\bis2\node_modules\express\lib\router\route.js:144:13)
    at Route.dispatch (C:\Users\agusr\Desktop\bis2\node_modules\express\lib\router\route.js:114:3)
    at Layer.handle [as handle_request] (C:\Users\agusr\Desktop\bis2\node_modules\express\lib\router\layer.js:95:5)
    at C:\Users\agusr\Desktop\bis2\node_modules\express\lib\router\index.js:284:15
    at Function.process_params (C:\Users\agusr\Desktop\bis2\node_modules\express\lib\router\index.js:346:12)
    at next (C:\Users\agusr\Desktop\bis2\node_modules\express\lib\router\index.js:280:10)
    at urlencodedParser (C:\Users\agusr\Desktop\bis2\node_modules\body-parser\lib\types\urlencoded.js:91:7)
[2022-08-24T21:11:26.783] [ERROR] error - Error: data and hash arguments required
    at Object.compareSync (C:\Users\agusr\Desktop\bis2\node_modules\bcrypt\bcrypt.js:166:15)
    at isValidPassword (C:\Users\agusr\Desktop\bis2\middlewares\passport.js:9:52)
    at Strategy._verify (C:\Users\agusr\Desktop\bis2\middlewares\passport.js:16:10)
    at processTicksAndRejections (node:internal/process/task_queues:96:5)
